********************************************************************************
DUPLICATOR-LITE PACKAGE-LOG: 21/02/2022 21:47
NOTICE: Do NOT post to public sites or forums 
********************************************************************************
VERSION:	1.4.4
WORDPRESS:	5.9
PHP INFO:	8.1.2 | SAPI: apache2handler
SERVER:		Apache/2.4.52 (Win64) OpenSSL/1.1.1m PHP/8.1.2 
PHP TIME LIMIT: (0) no time limit imposed 
PHP MAX MEMORY: 4294967296 (512M default) 
MEMORY STACK: 102MB

********************************************************************************
DATABASE:
********************************************************************************
BUILD MODE:   MYSQLDUMP
MYSQLTIMEOUT: 5000
MYSQLDUMP:    Is Supported
SQL CREATED: Proyecto_omeyashishashop_0a4caab07f37aa8c4470_20220221214700_database.sql
SQL FILE SIZE: 6.12MB (6416981)
SQL FILE TIME: 2022-02-21 21:48:02
SQL RUNTIME: 8.78 sec.

********************************************************************************
ARCHIVE (ZIP):
********************************************************************************
ARCHIVE DIR:  C:/xampp/htdocs/omeyashishashop
ARCHIVE FILE: Proyecto_omeyashishashop_0a4caab07f37aa8c4470_20220221214700_archive.zip
FILTERS: *OFF*
DIRS:
	not set
FILES:
	not set
EXTS:  not set
----------------------------------------
COMPRESSING
SIZE:	184.36MB
STATS:	Dirs 2,222 | Files 12,020
SQL ADDED: Proyecto_omeyashishashop_0a4caab07f37aa8c4470_20220221214700_database.sql
ZipArchive Object
(
    [lastId] => 14241
    [status] => 0
    [statusSys] => 0
    [numFiles] => 14242
    [filename] => C:\xampp\htdocs\omeyashishashop\wp-content\backups-dup-lite\tmp\Proyecto_omeyashishashop_0a4caab07f37aa8c4470_20220221214700_archive.zip
    [comment] => 
)

FILE ADDED TO ZIP: 14241
COMPRESSION RESULT: '1'
COMPRESSED SIZE: 63.19MB
ARCHIVE RUNTIME: 73.55 sec.
MEMORY STACK: 104MB
building installer
[PHP ERR][ISSUE] MSG:Implicit conversion from float 48.8 to int loses precision [CODE:8192|FILE:C:\xampp\htdocs\omeyashishashop\wp-content\plugins\duplicator\classes\class.password.php|LINE:166]
do_action('wp_ajax_duplicator_package_build'), WP_Hook->do_action, WP_Hook->apply_filters, duplicator_package_build, DUP_Package->runZipBuild, DUP_Installer->build, DUP_Installer->create_enhanced_installer_files, DUP_Installer->create_archive_config_file, DUP_PasswordHash->HashPassword, DUP_PasswordHash->gensalt_blowfish, chr, DUP_Handler::error, DUP_Handler::getMessage
add_extra_files1
add_extra_files2
add_extra_files3
add_extra_files4
Doing archive file check
add_extra_files5
add_extra_files6
add_extra_files8
Successfully opened zip C:/xampp/htdocs/omeyashishashop/wp-content/backups-dup-lite/tmp/Proyecto_omeyashishashop_0a4caab07f37aa8c4470_20220221214700_archive.zip
Adding enhanced installer files to archive using ZipArchive
Installer files added to archive
Added to archive
After ziparchive close when adding installer

********************************************************************************
INTEGRITY CHECKS:
********************************************************************************
SQL FILE: 6.12MB
INSTALLER FILE: 64.6KB
ARCHIVE FILE: 64.28MB 
RECUENTO ARCHIVOS/DIRECTORIOS ESPERADOS: 14,242
RECUENTO ARCHIVOS/DIRECTORIOS ACTUALES: 14,241
PRUEBA DE CONSISTENCIA DEL ARCHIVO: Superado

********************************************************************************
RECORD ID:[1]
TOTAL PROCESS RUNTIME: 83.71 sec.
PEAK PHP MEMORY USED: 106MB
DONE PROCESSING => Proyecto_omeyashishashop 21/02/2022 21:49

