********************************************************************************
DUPLICATOR-LITE PACKAGE-LOG: 06/03/2022 23:56
NOTICE: Do NOT post to public sites or forums 
********************************************************************************
VERSION:	1.4.4
WORDPRESS:	5.9.1
PHP INFO:	8.1.2 | SAPI: apache2handler
SERVER:		Apache/2.4.52 (Win64) OpenSSL/1.1.1m PHP/8.1.2 
PHP TIME LIMIT: (0) no time limit imposed 
PHP MAX MEMORY: 4294967296 (512M default) 
MEMORY STACK: 118MB

********************************************************************************
DATABASE:
********************************************************************************
BUILD MODE:   MYSQLDUMP
MYSQLTIMEOUT: 5000
MYSQLDUMP:    Is Supported
SQL CREATED: Proyecto_omeyashishashop_CarlosFerrero_df48b84c9dba3f699966_20220306235605_database.sql
SQL FILE SIZE: 6.5MB (6815052)
SQL FILE TIME: 2022-03-06 23:56:45
SQL RUNTIME: 15.87 sec.

********************************************************************************
ARCHIVE (ZIP):
********************************************************************************
ARCHIVE DIR:  C:/xampp/htdocs/omeyashishashop
ARCHIVE FILE: Proyecto_omeyashishashop_CarlosFerrero_df48b84c9dba3f699966_20220306235605_archive.zip
FILTERS: *OFF*
DIRS:
	not set
FILES:
	not set
EXTS:  not set
----------------------------------------
COMPRESSING
SIZE:	217.12MB
STATS:	Dirs 2,617 | Files 13,928
SQL ADDED: Proyecto_omeyashishashop_CarlosFerrero_df48b84c9dba3f699966_20220306235605_database.sql
ZipArchive Object
(
    [lastId] => 16544
    [status] => 0
    [statusSys] => 0
    [numFiles] => 16545
    [filename] => C:\xampp\htdocs\omeyashishashop\wp-content\backups-dup-lite\tmp\Proyecto_omeyashishashop_CarlosFerrero_df48b84c9dba3f699966_20220306235605_archive.zip
    [comment] => 
)

FILE ADDED TO ZIP: 16544
COMPRESSION RESULT: '1'
COMPRESSED SIZE: 74.19MB
ARCHIVE RUNTIME: 153.48 sec.
MEMORY STACK: 124MB
building installer
[PHP ERR][ISSUE] MSG:Implicit conversion from float 48.8 to int loses precision [CODE:8192|FILE:C:\xampp\htdocs\omeyashishashop\wp-content\plugins\duplicator\classes\class.password.php|LINE:166]
do_action('wp_ajax_duplicator_package_build'), WP_Hook->do_action, WP_Hook->apply_filters, duplicator_package_build, DUP_Package->runZipBuild, DUP_Installer->build, DUP_Installer->create_enhanced_installer_files, DUP_Installer->create_archive_config_file, DUP_PasswordHash->HashPassword, DUP_PasswordHash->gensalt_blowfish, chr, DUP_Handler::error, DUP_Handler::getMessage
add_extra_files1
add_extra_files2
add_extra_files3
add_extra_files4
Doing archive file check
add_extra_files5
add_extra_files6
add_extra_files8
Successfully opened zip C:/xampp/htdocs/omeyashishashop/wp-content/backups-dup-lite/tmp/Proyecto_omeyashishashop_CarlosFerrero_df48b84c9dba3f699966_20220306235605_archive.zip
Adding enhanced installer files to archive using ZipArchive
Installer files added to archive
Added to archive
After ziparchive close when adding installer

********************************************************************************
INTEGRITY CHECKS:
********************************************************************************
SQL FILE: 6.5MB
INSTALLER FILE: 64.61KB
ARCHIVE FILE: 75.3MB 
RECUENTO ARCHIVOS/DIRECTORIOS ESPERADOS: 16,545
RECUENTO ARCHIVOS/DIRECTORIOS ACTUALES: 16,544
PRUEBA DE CONSISTENCIA DEL ARCHIVO: Superado

********************************************************************************
RECORD ID:[2]
TOTAL PROCESS RUNTIME: 170.83 sec.
PEAK PHP MEMORY USED: 128MB
DONE PROCESSING => Proyecto_omeyashishashop_CarlosFerrero 06/03/2022 23:59

